<?xml version="1.0" encoding="UTF-8"?>
<testsuite xmlns:xsi="http://www.w3.org/2001/XMLSchema-instance" xsi:noNamespaceSchemaLocation="https://maven.apache.org/surefire/maven-surefire-plugin/xsd/surefire-test-report-3.0.xsd" version="3.0" name="org.owasp.webgoat.lessons.sqlinjection.introduction.SqlInjectionLesson8Test" time="1.092" tests="5" errors="0" skipped="0" failures="0">
  <properties>
[...]
</properties>
  <testcase name="oneAccount" classname="org.owasp.webgoat.lessons.sqlinjection.introduction.SqlInjectionLesson8Test" time="0.02">
    <system-err><![CDATA[user lacks privilege or object not found: ACCESS_LOG
]]></system-err>
  </testcase>
  <testcase name="multipleAccounts" classname="org.owasp.webgoat.lessons.sqlinjection.introduction.SqlInjectionLesson8Test" time="0.038">
    <system-err><![CDATA[user lacks privilege or object not found: ACCESS_LOG
]]></system-err>
  </testcase>
  <testcase name="malformedQueryReturnsError" classname="org.owasp.webgoat.lessons.sqlinjection.introduction.SqlInjectionLesson8Test" time="0.03">
    <system-err><![CDATA[user lacks privilege or object not found: ACCESS_LOG
]]></system-err>
  </testcase>
  <testcase name="wrongNameReturnsNoAccounts" classname="org.owasp.webgoat.lessons.sqlinjection.introduction.SqlInjectionLesson8Test" time="0.041">
    <system-err><![CDATA[user lacks privilege or object not found: ACCESS_LOG
]]></system-err>
  </testcase>
  <testcase name="wrongTANReturnsNoAccounts" classname="org.owasp.webgoat.lessons.sqlinjection.introduction.SqlInjectionLesson8Test" time="0.03">
    <system-err><![CDATA[user lacks privilege or object not found: ACCESS_LOG
]]></system-err>
  </testcase>
</testsuite>